Fri Jul 20 2018 23:41:31 GMT+0900 (Korean Standard Time): GET /about
Fri Jul 20 2018 23:41:43 GMT+0900 (Korean Standard Time): GET /about
Fri Jul 20 2018 23:41:44 GMT+0900 (Korean Standard Time): GET /
Fri Jul 20 2018 23:44:55 GMT+0900 (Korean Standard Time): GET /
Fri Jul 20 2018 23:46:05 GMT+0900 (Korean Standard Time): GET /public
Fri Jul 20 2018 23:46:12 GMT+0900 (Korean Standard Time): GET /public
Fri Jul 20 2018 23:46:14 GMT+0900 (Korean Standard Time): GET /public
Fri Jul 20 2018 23:46:16 GMT+0900 (Korean Standard Time): GET /public
Fri Jul 20 2018 23:47:03 GMT+0900 (Korean Standard Time): GET /
Fri Jul 20 2018 23:47:03 GMT+0900 (Korean Standard Time): GET /
Fri Jul 20 2018 23:47:08 GMT+0900 (Korean Standard Time): GET /
Fri Jul 20 2018 23:47:10 GMT+0900 (Korean Standard Time): GET /
Fri Jul 20 2018 23:47:10 GMT+0900 (Korean Standard Time): GET /about
Fri Jul 20 2018 23:47:13 GMT+0900 (Korean Standard Time): GET /public
Fri Jul 20 2018 23:47:15 GMT+0900 (Korean Standard Time): GET /about
Fri Jul 20 2018 23:47:28 GMT+0900 (Korean Standard Time): GET /public.html
Fri Jul 20 2018 23:47:36 GMT+0900 (Korean Standard Time): GET /help.html
Sat Jul 21 2018 16:42:03 GMT+0900 (Korean Standard Time): GET /
Sat Jul 21 2018 16:42:06 GMT+0900 (Korean Standard Time): GET /about
Sat Jul 21 2018 16:42:08 GMT+0900 (Korean Standard Time): GET /
Sat Jul 21 2018 16:42:35 GMT+0900 (Korean Standard Time): GET /about
Sat Jul 21 2018 16:42:43 GMT+0900 (Korean Standard Time): GET /about
Sat Jul 21 2018 16:42:44 GMT+0900 (Korean Standard Time): GET /favicon.ico
Sat Jul 21 2018 16:42:50 GMT+0900 (Korean Standard Time): GET /
Sat Jul 21 2018 16:42:59 GMT+0900 (Korean Standard Time): GET /
